------------------------------------------------------------
Date::10/15/19 Tuesday 00:56:30 UTC
Host::1c9d341ca215
Command::/opt/ibm/db2/V11.5/instance/db2icrt_local -a server -d -s ese -u db2fenc1 -p db2c_db2inst1 db2inst1
Insttype::1
Level::VRMF=11.5.0.0,Interim=0,SpecialInstall=0,SpecialBuild=,bld_level=s1906101300
Message::DBI1070I Program db2icrt_local completed successfully.
ReturnCode::0
------------------------------------------------------------
------------------------------------------------------------
Date::10/15/19 Tuesday 01:28:29 UTC
Host::1c9d341ca215
Command::/opt/ibm/db2/V11.5/instance/db2iupdt_local -u db2fenc1 -k -a server -d db2inst1
Insttype::1
Level::VRMF=11.5.0.0,Interim=0,SpecialInstall=0,SpecialBuild=,bld_level=s1906101300
Message::
ReturnCode::0
------------------------------------------------------------
------------------------------------------------------------
Date::10/17/19 Thursday 01:16:21 UTC
Host::1c9d341ca215
Command::/opt/ibm/db2/V11.5/instance/db2iupdt_local -u db2fenc1 -k -a server -d db2inst1
Insttype::1
Level::VRMF=11.5.0.0,Interim=0,SpecialInstall=0,SpecialBuild=,bld_level=s1906101300
Message::
ReturnCode::0
------------------------------------------------------------
------------------------------------------------------------
Date::10/17/19 Thursday 21:04:51 UTC
Host::1c9d341ca215
Command::/opt/ibm/db2/V11.5/instance/db2iupdt_local -u db2fenc1 -k -a server -d db2inst1
Insttype::1
Level::VRMF=11.5.0.0,Interim=0,SpecialInstall=0,SpecialBuild=,bld_level=s1906101300
Message::
ReturnCode::0
------------------------------------------------------------
------------------------------------------------------------
Date::10/21/19 Monday 04:05:23 UTC
Host::1c9d341ca215
Command::/opt/ibm/db2/V11.5/instance/db2iupdt_local -u db2fenc1 -k -a server -d db2inst1
Insttype::1
Level::VRMF=11.5.0.0,Interim=0,SpecialInstall=0,SpecialBuild=,bld_level=s1906101300
Message::
ReturnCode::0
------------------------------------------------------------
------------------------------------------------------------
Date::10/29/19 Tuesday 01:10:07 UTC
Host::1c9d341ca215
Command::/opt/ibm/db2/V11.5/instance/db2iupdt_local -u db2fenc1 -k -a server -d db2inst1
Insttype::1
Level::VRMF=11.5.0.0,Interim=0,SpecialInstall=0,SpecialBuild=,bld_level=s1906101300
Message::
ReturnCode::0
------------------------------------------------------------
